SF:lib/main.dart
DA:11,0
DA:12,0
DA:16,3
DA:19,1
DA:21,1
DA:23,1
DA:24,1
DA:25,2
DA:26,3
LF:9
LH:7
end_of_record
SF:lib/common_widgets/failure_widget.dart
DA:7,2
DA:9,1
DA:11,1
DA:13,1
DA:14,5
DA:16,2
DA:18,2
LF:7
LH:7
end_of_record
SF:lib/core/data/data_constants.dart
DA:12,0
LF:1
LH:0
end_of_record
SF:lib/core/data/data_service.dart
DA:3,2
DA:11,0
DA:13,0
DA:14,0
DA:15,0
DA:16,0
DA:17,0
DA:18,0
LF:8
LH:1
end_of_record
SF:lib/core/data/interceptors/auth_interceptor.dart
DA:6,0
DA:8,0
DA:9,0
DA:12,0
DA:14,0
DA:16,0
LF:6
LH:0
end_of_record
SF:lib/core/enums/data_states.dart
DA:1,2
LF:1
LH:1
end_of_record
SF:lib/core/enums/error_type.dart
DA:1,2
LF:1
LH:1
end_of_record
SF:lib/core/enums/team_filter.dart
DA:1,2
LF:1
LH:1
end_of_record
SF:lib/core/enums/winner_match.dart
DA:1,2
DA:9,0
DA:11,0
DA:13,0
DA:15,0
DA:21,0
DA:22,0
DA:25,0
LF:8
LH:1
end_of_record
SF:lib/core/theme/theme.dart
DA:4,0
DA:6,2
DA:17,0
DA:28,0
DA:29,0
DA:38,3
DA:50,1
DA:51,1
DA:53,1
DA:62,3
DA:63,1
DA:69,2
DA:70,1
LF:13
LH:9
end_of_record
SF:lib/data/model/area.dart
DA:6,0
DA:8,0
DA:9,0
DA:10,0
DA:11,0
DA:12,0
DA:16,0
DA:17,0
DA:18,0
DA:19,0
DA:20,0
DA:31,0
DA:33,0
DA:34,0
DA:35,0
DA:38,0
DA:39,0
DA:40,0
DA:41,0
LF:19
LH:0
end_of_record
SF:lib/data/model/competition.dart
DA:6,0
DA:8,0
DA:9,0
DA:10,0
DA:11,0
DA:12,0
DA:13,0
DA:17,0
DA:18,0
DA:19,0
DA:20,0
DA:21,0
DA:34,0
DA:36,0
DA:37,0
DA:38,0
DA:39,0
DA:40,0
DA:41,0
DA:42,0
DA:45,0
DA:46,0
DA:47,0
DA:48,0
DA:49,0
DA:51,0
DA:52,0
DA:53,0
DA:54,0
LF:29
LH:0
end_of_record
SF:lib/data/model/matches_by_competition.dart
DA:10,0
DA:12,0
DA:13,0
DA:14,0
DA:15,0
DA:16,0
DA:20,0
DA:21,0
DA:22,0
DA:23,0
DA:24,0
DA:41,0
DA:43,0
DA:44,0
DA:45,0
DA:46,0
DA:47,0
DA:48,0
DA:49,0
DA:50,0
DA:51,0
DA:52,0
DA:56,0
DA:57,0
DA:58,0
DA:60,0
DA:61,0
DA:62,0
DA:63,0
DA:64,0
DA:65,0
DA:66,0
DA:68,0
DA:69,0
DA:71,0
DA:72,0
DA:86,0
DA:90,0
DA:91,0
DA:92,0
DA:93,0
DA:98,0
DA:99,0
DA:100,0
DA:101,0
DA:102,0
DA:103,0
DA:119,0
DA:121,0
DA:122,0
DA:123,0
DA:126,0
DA:127,0
DA:128,0
DA:129,0
LF:55
LH:0
end_of_record
SF:lib/data/model/season.dart
DA:10,0
DA:12,0
DA:13,0
DA:14,0
DA:15,0
DA:16,0
DA:17,0
DA:20,0
DA:21,0
DA:22,0
DA:23,0
DA:24,0
DA:25,0
DA:26,0
LF:14
LH:0
end_of_record
SF:lib/data/model/team.dart
DA:6,0
DA:8,0
DA:9,0
DA:10,0
DA:11,0
DA:14,0
DA:15,0
DA:16,0
DA:17,0
DA:18,0
LF:10
LH:0
end_of_record
SF:lib/data/model/squad.dart
DA:11,0
DA:21,0
DA:22,0
DA:23,0
DA:24,0
DA:25,0
DA:26,0
DA:27,0
DA:28,0
DA:29,0
DA:32,0
DA:33,0
DA:34,0
DA:35,0
DA:36,0
DA:37,0
DA:38,0
DA:39,0
DA:40,0
DA:41,0
LF:20
LH:0
end_of_record
SF:lib/data/model/standing_by_competition.dart
DA:10,0
DA:12,0
DA:13,0
DA:14,0
DA:15,0
DA:16,0
DA:17,0
DA:21,0
DA:22,0
DA:23,0
DA:24,0
DA:26,0
DA:27,0
DA:29,0
DA:30,0
LF:15
LH:0
end_of_record
SF:lib/data/model/standings.dart
DA:8,0
DA:10,0
DA:11,0
DA:12,0
DA:13,0
DA:14,0
DA:15,0
DA:19,0
DA:20,0
DA:21,0
DA:22,0
DA:23,0
DA:24,0
LF:13
LH:0
end_of_record
SF:lib/data/model/table_position.dart
DA:15,0
DA:17,0
DA:18,0
DA:19,0
DA:20,0
DA:21,0
DA:22,0
DA:23,0
DA:24,0
DA:25,0
DA:26,0
DA:27,0
DA:30,0
DA:31,0
DA:32,0
DA:33,0
DA:34,0
DA:36,0
DA:37,0
DA:38,0
DA:39,0
DA:40,0
DA:41,0
DA:42,0
DA:43,0
LF:25
LH:0
end_of_record
SF:lib/data/model/team_details.dart
DA:22,0
DA:40,0
DA:41,0
DA:42,0
DA:43,0
DA:44,0
DA:45,0
DA:46,0
DA:49,0
DA:50,0
DA:51,0
DA:52,0
DA:53,0
DA:54,0
DA:55,0
DA:56,0
DA:57,0
DA:58,0
DA:59,0
DA:60,0
DA:61,0
DA:62,0
DA:63,0
DA:66,0
DA:69,0
DA:70,0
DA:71,0
DA:72,0
DA:73,0
DA:75,0
DA:76,0
DA:77,0
DA:79,0
DA:80,0
DA:81,0
DA:82,0
DA:83,0
DA:84,0
DA:85,0
DA:86,0
DA:87,0
DA:88,0
DA:89,0
DA:90,0
DA:91,0
DA:93,0
DA:106,0
DA:109,0
DA:110,0
DA:111,0
DA:112,0
DA:113,0
DA:114,0
DA:115,0
DA:118,0
DA:119,0
DA:120,0
DA:121,0
DA:122,0
DA:124,0
DA:125,0
DA:126,0
DA:127,0
LF:63
LH:0
end_of_record
SF:lib/data/repository/matches_respository.dart
DA:18,1
DA:21,0
DA:22,0
DA:23,0
DA:26,0
DA:27,0
DA:29,0
DA:30,0
DA:38,1
DA:39,4
DA:42,3
DA:43,1
DA:44,0
DA:45,0
DA:47,0
DA:52,0
DA:58,0
DA:59,0
DA:61,0
DA:62,0
DA:63,0
DA:64,0
DA:65,0
DA:66,0
DA:68,0
DA:73,0
DA:79,0
DA:80,0
DA:82,0
DA:83,0
DA:84,0
DA:86,0
DA:87,0
DA:89,0
DA:94,0
LF:35
LH:5
end_of_record
SF:lib/domain/entities/team_score.dart
DA:8,0
DA:10,0
DA:15,0
DA:16,0
DA:17,0
DA:18,0
LF:6
LH:0
end_of_record
SF:lib/data/usecases/matches_usecases.dart
DA:13,1
DA:17,0
DA:19,0
DA:20,0
DA:21,0
DA:22,0
DA:23,0
DA:26,1
DA:28,2
DA:32,0
DA:33,0
DA:36,0
DA:43,0
DA:44,0
LF:14
LH:3
end_of_record
SF:lib/domain/repositories/domain_repository.dart
DA:7,0
DA:10,0
DA:11,0
DA:12,0
DA:13,0
DA:15,0
DA:16,0
DA:17,0
DA:18,0
DA:19,0
DA:20,0
DA:21,0
DA:23,0
DA:24,0
DA:25,0
DA:26,0
DA:27,0
DA:30,0
DA:31,0
DA:32,0
DA:33,0
DA:34,0
DA:35,0
DA:36,0
DA:38,0
DA:39,0
DA:40,0
DA:41,0
DA:42,0
DA:45,0
DA:46,0
DA:47,0
DA:48,0
DA:49,0
DA:50,0
DA:52,0
DA:53,0
DA:54,0
DA:55,0
DA:56,0
DA:57,0
DA:61,0
DA:62,0
DA:66,0
DA:67,0
DA:68,0
DA:69,0
DA:72,0
DA:75,0
DA:76,0
DA:77,0
LF:51
LH:0
end_of_record
SF:lib/domain/entities/error_scenario.dart
DA:8,0
LF:1
LH:0
end_of_record
SF:lib/domain/entities/item_dropdown.dart
DA:5,0
LF:1
LH:0
end_of_record
SF:lib/domain/entities/user_selections.dart
DA:5,0
DA:10,0
DA:14,0
DA:15,0
DA:16,0
LF:5
LH:0
end_of_record
SF:lib/presentation/choose_competition/bloc/competition_state.dart
DA:12,3
DA:21,1
DA:29,1
DA:30,0
DA:31,1
DA:32,1
DA:33,1
DA:34,1
DA:35,1
LF:9
LH:8
end_of_record
SF:lib/presentation/choose_competition/bloc/competition_cubit.dart
DA:15,2
DA:17,0
DA:18,0
DA:20,0
DA:23,0
DA:24,0
DA:27,1
DA:28,3
DA:30,3
DA:32,0
DA:34,0
DA:36,0
DA:43,0
DA:44,0
DA:46,0
DA:47,0
DA:49,0
DA:50,0
DA:55,0
DA:61,0
DA:63,0
DA:70,0
DA:71,0
DA:72,0
LF:24
LH:4
end_of_record
SF:lib/presentation/choose_competition/views/choose_competition.dart
DA:12,2
DA:14,1
DA:15,1
DA:20,1
DA:23,3
DA:24,2
DA:25,1
DA:28,1
DA:30,1
DA:31,1
DA:32,1
DA:34,1
DA:35,1
DA:36,2
DA:37,0
DA:38,0
DA:39,0
DA:41,0
DA:42,0
DA:43,0
DA:45,0
DA:48,0
DA:49,0
DA:51,0
DA:52,0
DA:53,0
DA:54,0
DA:60,0
DA:62,0
DA:63,0
DA:64,0
DA:66,0
DA:69,0
DA:70,0
DA:71,0
DA:72,0
DA:73,0
DA:76,0
DA:77,0
DA:78,0
DA:79,0
DA:80,0
DA:85,2
DA:86,0
DA:87,0
DA:88,0
DA:89,0
DA:90,0
LF:48
LH:15
end_of_record
SF:lib/presentation/choose_competition/widgets/option_selector_widget.dart
DA:11,0
DA:19,0
DA:21,0
DA:23,0
DA:26,0
DA:27,0
DA:28,0
DA:29,0
DA:30,0
DA:32,0
DA:33,0
DA:34,0
DA:35,0
DA:36,0
DA:37,0
DA:39,0
DA:41,0
DA:42,0
DA:43,0
DA:44,0
DA:45,0
DA:46,0
DA:47,0
LF:23
LH:0
end_of_record
SF:lib/presentation/competition_winner/views/competition_winner.dart
DA:15,0
DA:18,0
DA:20,0
DA:22,0
DA:23,0
DA:24,0
DA:25,0
DA:31,0
DA:33,0
DA:34,0
DA:39,0
DA:41,0
DA:42,0
DA:43,0
DA:46,0
DA:48,0
DA:49,0
DA:50,0
DA:51,0
DA:52,0
DA:53,0
DA:54,0
DA:56,0
DA:57,0
DA:59,0
DA:61,0
DA:64,0
DA:68,0
DA:69,0
DA:70,0
DA:72,0
DA:74,0
DA:76,0
DA:78,0
DA:81,0
DA:82,0
DA:83,0
DA:87,0
DA:89,0
DA:95,0
DA:96,0
DA:97,0
DA:98,0
DA:99,0
LF:44
LH:0
end_of_record
SF:lib/presentation/competition_winner/bloc/competition_winner_cubit.dart
DA:14,0
DA:16,0
DA:17,0
DA:21,0
DA:23,0
DA:25,0
DA:29,0
DA:30,0
DA:33,0
DA:35,0
DA:37,0
LF:11
LH:0
end_of_record
SF:lib/presentation/competition_winner/bloc/competition_winner_state.dart
DA:9,0
DA:15,0
DA:20,0
DA:21,0
DA:22,0
DA:23,0
LF:6
LH:0
end_of_record
SF:lib/presentation/competition_winner/widgets/active_competittions_widget.dart
DA:7,0
DA:9,0
DA:11,0
DA:13,0
DA:15,0
DA:17,0
DA:18,0
DA:19,0
DA:21,0
DA:22,0
DA:23,0
DA:25,0
LF:12
LH:0
end_of_record
SF:lib/presentation/competition_winner/widgets/header_widget.dart
DA:7,0
DA:8,0
DA:10,0
DA:12,0
DA:13,0
DA:15,0
DA:16,0
DA:17,0
DA:22,0
DA:23,0
DA:24,0
LF:11
LH:0
end_of_record
SF:lib/presentation/competition_winner/widgets/squad_widget.dart
DA:7,0
DA:9,0
DA:11,0
DA:12,0
DA:15,0
DA:17,0
DA:18,0
DA:20,0
DA:21,0
DA:22,0
DA:24,0
DA:25,0
DA:26,0
DA:28,0
DA:29,0
DA:30,0
DA:31,0
DA:32,0
DA:39,0
LF:19
LH:0
end_of_record
